--------------------------------------------------------------------------------
      name:  ckn01_impe01_PewJune2020
       log:  /Users/mollymking/Documents/SocResearch/COVID_Knowledge_News/stata/
> ckn01_impe01_PewJune2020.log
  log type:  text
 opened on:   7 Oct 2020, 10:57:32

. ***-----------------------------***
. 
. //      project:        Knowledge of COVID & News Sources
. //  task:       Import "Pathways June 2020 (ATP W68).sav" and save to Derived 
> folder
. /*  data:    */ di "`dataset'"
01_PewJune2020

. 
. //  github:     covid_knowledge_news
. //  OSF:                
. 
. //  author:     Molly King
. 
. display "$S_DATE  $S_TIME"
 7 Oct 2020  10:57:32

. 
. ***--------------------------***
. // # PROGRAM SETUP
. ***-----------------------------***
. 
. version 16 // keeps program consistent for future replications

. set linesize 80

. clear all

. set more off

. 
. ***-----------------------------***
. // # IMPORT
. ***-----------------------------***
. 
. cd $source/
/Users/mollymking/Documents/SocResearch/COVID_Knowledge_News/data/data_sorc

. import spss using "Pathways June 2020 (ATP W68).sav", case(lower)
(97 vars, 9,654 obs)

. 
. ***--------------------------***
. // # WEIGHTING
. ***-----------------------------***
. 
. // Pew uses probability sampling: http://www.pewresearch.org/methodology/u-s-s
> urvey-research/sampling/
. svyset _n [pweight=weight]

      pweight: weight_w68
          VCE: linearized
  Single unit: missing
     Strata 1: <one>
         SU 1: <observations>
        FPC 1: <zero>

. 
. ***--------------------------***
. // # SAVE DATA
. ***-----------------------------***
. 
. label data "`dataset' data with weights: Pathways June 2020 (ATP W68)"

. notes: ckn`category'`dataset'.dta \ Pew Pathways June 2020 (ATP W68) with prob
> ability weights\ ckn`category'`dataset'.do mmk $S_DATE

. compress
  (0 bytes saved)

. datasignature set
  9654:97(71975):3984641201:2038324834       (data signature set)

. 
. save $deriv/ki`category'`dataset'.dta, replace
file ~/Documents/SocResearch/COVID_Knowledge_News/data/data_derv/ki01_impe01_Pew
> June2020.dta saved

. 
. ***--------------------------***
. 
. log close ckn`category'`dataset'
      name:  ckn01_impe01_PewJune2020
       log:  /Users/mollymking/Documents/SocResearch/COVID_Knowledge_News/stata/
> ckn01_impe01_PewJune2020.log
  log type:  text
 closed on:   7 Oct 2020, 10:57:33
--------------------------------------------------------------------------------
